<?xml version="1.0" encoding="UTF-8"?>
<!-- Generated by org.testng.reporters.JUnitXMLReporter -->
<testsuite hostname="DESKTOP-TT3HAF2" ignored="0" name="Chrome Regression Test" tests="3" failures="0" timestamp="30 Sep 2019 21:14:54 GMT" time="22.285" errors="0">
  <testcase name="UserCanRegistrationSuccessfully" time="3.359" classname="tests.UserRegisterationParallelTesting"/>
  <testcase name="RegisteredUserCanLogout" time="1.843" classname="tests.UserRegisterationParallelTesting"/>
  <testcase name="RegisterUserCanLogin" time="2.719" classname="tests.UserRegisterationParallelTesting"/>
</testsuite> <!-- Chrome Regression Test -->
