<?xml version="1.0" encoding="UTF-8"?>
<!-- Generated by org.testng.reporters.JUnitXMLReporter -->
<testsuite hostname="DESKTOP-TT3HAF2" ignored="0" name="Firefox Regression Test" tests="3" failures="0" timestamp="30 Sep 2019 21:14:53 GMT" time="21.804" errors="0">
  <testcase name="UserCanRegistrationSuccessfully" time="4.762" classname="tests.UserRegisterationParallelTesting"/>
  <testcase name="RegisteredUserCanLogout" time="1.892" classname="tests.UserRegisterationParallelTesting"/>
  <testcase name="RegisterUserCanLogin" time="1.857" classname="tests.UserRegisterationParallelTesting"/>
</testsuite> <!-- Firefox Regression Test -->
