<?xml version="1.0" encoding="UTF-8"?>
<!-- Generated by org.testng.reporters.JUnitXMLReporter -->
<testsuite hostname="DESKTOP-BEBHF41" ignored="0" name="Default test" tests="3" failures="0" timestamp="25 Oct 2019 17:19:33 GMT" time="9.072" errors="0">
  <testcase name="UserCanSearchWithAutoSuggest" time="5.836" classname="tests.AddProductToWishList"/>
  <testcase name="UserCanAddProductToWishList" time="1.54" classname="tests.AddProductToWishList"/>
  <testcase name="UserCanRemoveProductFromCart" time="0.767" classname="tests.AddProductToWishList"/>
</testsuite> <!-- Default test -->
