<?xml version="1.0" encoding="UTF-8"?>
<testng-results skipped="0" failed="0" ignored="0" total="3" passed="3">
  <reporter-output>
  </reporter-output>
  <suite name="Default suite" duration-ms="9072" started-at="2019-10-25T17:19:24Z" finished-at="2019-10-25T17:19:33Z">
    <groups>
      <group name="cucumber">
        <method signature="AbstractTestNGCucumberTests.feature(cucumber.api.testng.CucumberFeatureWrapper)[pri:0, instance:tests.AddProductToWishList@17c1bced]" name="feature" class="cucumber.api.testng.AbstractTestNGCucumberTests"/>
      </group> <!-- cucumber -->
    </groups>
    <test name="Default test" duration-ms="9072" started-at="2019-10-25T17:19:24Z" finished-at="2019-10-25T17:19:33Z">
      <class name="tests.AddProductToWishList">
        <test-method status="PASS" signature="startDriver(java.lang.String)[pri:0, instance:tests.AddProductToWishList@17c1bced]" name="startDriver" is-config="true" duration-ms="11048" started-at="2019-10-25T17:19:13Z" finished-at="2019-10-25T17:19:24Z">
          <params>
            <param index="0">
              <value>
                <![CDATA[chrome]]>
              </value>
            </param>
          </params>
          <reporter-output>
          </reporter-output>
        </test-method> <!-- startDriver -->
        <test-method status="PASS" signature="setUpClass()[pri:0, instance:tests.AddProductToWishList@17c1bced]" name="setUpClass" is-config="true" duration-ms="380" started-at="2019-10-25T17:19:24Z" finished-at="2019-10-25T17:19:25Z">
          <reporter-output>
          </reporter-output>
        </test-method> <!-- setUpClass -->
        <test-method status="PASS" signature="UserCanSearchWithAutoSuggest()[pri:1, instance:tests.AddProductToWishList@17c1bced]" name="UserCanSearchWithAutoSuggest" duration-ms="5836" started-at="2019-10-25T17:19:25Z" finished-at="2019-10-25T17:19:30Z">
          <reporter-output>
          </reporter-output>
        </test-method> <!-- UserCanSearchWithAutoSuggest -->
        <test-method status="PASS" signature="screenshotOnFailure(org.testng.ITestResult)[pri:0, instance:tests.AddProductToWishList@17c1bced]" name="screenshotOnFailure" is-config="true" duration-ms="1" started-at="2019-10-25T17:19:31Z" finished-at="2019-10-25T17:19:31Z">
          <params>
            <param index="0">
              <value>
                <![CDATA[[TestResult name=UserCanSearchWithAutoSuggest status=SUCCESS method=AddProductToWishList.UserCanSearchWithAutoSuggest()[pri:1, instance:tests.AddProductToWishList@17c1bced] output={null}]]]>
              </value>
            </param>
          </params>
          <reporter-output>
          </reporter-output>
        </test-method> <!-- screenshotOnFailure -->
        <test-method status="PASS" signature="UserCanAddProductToWishList()[pri:2, instance:tests.AddProductToWishList@17c1bced]" name="UserCanAddProductToWishList" duration-ms="1540" started-at="2019-10-25T17:19:31Z" finished-at="2019-10-25T17:19:32Z">
          <reporter-output>
          </reporter-output>
        </test-method> <!-- UserCanAddProductToWishList -->
        <test-method status="PASS" signature="screenshotOnFailure(org.testng.ITestResult)[pri:0, instance:tests.AddProductToWishList@17c1bced]" name="screenshotOnFailure" is-config="true" duration-ms="1" started-at="2019-10-25T17:19:32Z" finished-at="2019-10-25T17:19:32Z">
          <params>
            <param index="0">
              <value>
                <![CDATA[[TestResult name=UserCanAddProductToWishList status=SUCCESS method=AddProductToWishList.UserCanAddProductToWishList()[pri:2, instance:tests.AddProductToWishList@17c1bced] output={null}]]]>
              </value>
            </param>
          </params>
          <reporter-output>
          </reporter-output>
        </test-method> <!-- screenshotOnFailure -->
        <test-method status="PASS" signature="UserCanRemoveProductFromCart()[pri:3, instance:tests.AddProductToWishList@17c1bced]" name="UserCanRemoveProductFromCart" duration-ms="767" started-at="2019-10-25T17:19:32Z" finished-at="2019-10-25T17:19:33Z">
          <reporter-output>
          </reporter-output>
        </test-method> <!-- UserCanRemoveProductFromCart -->
        <test-method status="PASS" signature="screenshotOnFailure(org.testng.ITestResult)[pri:0, instance:tests.AddProductToWishList@17c1bced]" name="screenshotOnFailure" is-config="true" duration-ms="1" started-at="2019-10-25T17:19:33Z" finished-at="2019-10-25T17:19:33Z">
          <params>
            <param index="0">
              <value>
                <![CDATA[[TestResult name=UserCanRemoveProductFromCart status=SUCCESS method=AddProductToWishList.UserCanRemoveProductFromCart()[pri:3, instance:tests.AddProductToWishList@17c1bced] output={null}]]]>
              </value>
            </param>
          </params>
          <reporter-output>
          </reporter-output>
        </test-method> <!-- screenshotOnFailure -->
        <test-method status="PASS" signature="tearDownClass()[pri:0, instance:tests.AddProductToWishList@17c1bced]" name="tearDownClass" is-config="true" duration-ms="11" started-at="2019-10-25T17:19:33Z" finished-at="2019-10-25T17:19:33Z">
          <reporter-output>
          </reporter-output>
        </test-method> <!-- tearDownClass -->
        <test-method status="PASS" signature="stopDriver()[pri:0, instance:tests.AddProductToWishList@17c1bced]" name="stopDriver" is-config="true" duration-ms="562" started-at="2019-10-25T17:19:33Z" finished-at="2019-10-25T17:19:34Z">
          <reporter-output>
          </reporter-output>
        </test-method> <!-- stopDriver -->
      </class> <!-- tests.AddProductToWishList -->
    </test> <!-- Default test -->
  </suite> <!-- Default suite -->
</testng-results>
